<?xml version="1.0" encoding="UTF-8"?>
<!-- Generated by org.testng.reporters.JUnitXMLReporter -->
<testsuite ignored="0" hostname="LAPTOP-91SQEO24" failures="0" tests="3" name="Chrome" time="13.715" errors="0" timestamp="2023-02-17T15:17:08 IST">
  <testcase classname="TestingNGCrossBrowser.TestClass1" name="verifyCookiesPolicies" time="1.045"/>
  <testcase classname="TestingNGCrossBrowser.TestClass1" name="verifyPrivacyPolicies" time="1.262"/>
  <testcase classname="TestingNGCrossBrowser.TestClass1" name="verifyTesrmLink" time="1.431"/>
</testsuite> <!-- Chrome -->
