<?xml version="1.0" encoding="UTF-8"?>
<!-- Generated by org.testng.reporters.JUnitXMLReporter -->
<testsuite ignored="0" hostname="LAPTOP-91SQEO24" failures="0" tests="3" name="EdgeTest" time="19.597" errors="0" timestamp="2023-02-23T17:26:29 IST">
  <testcase classname="TestingNGCrossBrowser.TestClass1" name="verifyCookiesPolicies" time="2.309"/>
  <testcase classname="TestingNGCrossBrowser.TestClass1" name="verifyPrivacyPolicies" time="3.708"/>
  <testcase classname="TestingNGCrossBrowser.TestClass1" name="verifyTesrmLink" time="3.548"/>
</testsuite> <!-- EdgeTest -->
