<?xml version="1.0" encoding="UTF-8"?>
<!-- Generated by org.testng.reporters.JUnitXMLReporter -->
<testsuite ignored="0" hostname="LAPTOP-91SQEO24" failures="0" tests="3" name="FirefoxTest" time="27.479" errors="0" timestamp="2023-02-23T17:26:37 IST">
  <testcase classname="TestingNGCrossBrowser.TestClass1" name="verifyCookiesPolicies" time="1.039"/>
  <testcase classname="TestingNGCrossBrowser.TestClass1" name="verifyPrivacyPolicies" time="2.273"/>
  <testcase classname="TestingNGCrossBrowser.TestClass1" name="verifyTesrmLink" time="0.904"/>
</testsuite> <!-- FirefoxTest -->
