<?xml version="1.0" encoding="UTF-8"?>
<!-- Generated by org.testng.reporters.JUnitXMLReporter -->
<testsuite ignored="0" hostname="LAPTOP-91SQEO24" failures="0" tests="10" name="Test" time="0.348" errors="0" timestamp="2023-02-14T13:04:22 IST">
  <testcase classname="TestingNGCrossBrowser.TestClass1" name="@BeforeTest launchBrowser" time="-1.676360062334E9">
    <failure type="org.testng.TestNGException" message="
Parameter &amp;apos;browser&amp;apos; is required by BeforeTest on method launchBrowser but has not been marked @Optional or defined
in C:\User\ecplice-workspace\String\Facebook\cross.xml">
      <![CDATA[org.testng.TestNGException: 
Parameter 'browser' is required by BeforeTest on method launchBrowser but has not been marked @Optional or defined
in C:\User\ecplice-workspace\String\Facebook\cross.xml
... Removed 21 stack frames]]>
    </failure>
  </testcase> <!-- @BeforeTest launchBrowser -->
  <testcase classname="TestNG.TestNGClass" name="@BeforeTest testB" time="-1.676360062356E9">
    <skipped/>
  </testcase> <!-- @BeforeTest testB -->
  <testcase classname="TestNG.TestNGClassInstagram" name="@BeforeTest test2" time="-1.676360062361E9">
    <skipped/>
  </testcase> <!-- @BeforeTest test2 -->
  <testcase classname="TestingNGCrossBrowser.TestClass1" name="@BeforeClass launchBrowser" time="-1.676360062423E9">
    <skipped/>
  </testcase> <!-- @BeforeClass launchBrowser -->
  <testcase classname="TestingNGCrossBrowser.TestClass1" name="@AfterMethod afterMethod" time="-1.676360062496E9">
    <skipped/>
  </testcase> <!-- @AfterMethod afterMethod -->
  <testcase classname="TestingNGCrossBrowser.TestClass1" name="@AfterMethod afterMethod" time="-1.676360062511E9">
    <skipped/>
  </testcase> <!-- @AfterMethod afterMethod -->
  <testcase classname="TestingNGCrossBrowser.TestClass1" name="@AfterMethod afterMethod" time="-1.676360062524E9">
    <skipped/>
  </testcase> <!-- @AfterMethod afterMethod -->
  <testcase classname="TestingNGCrossBrowser.TestClass1" name="@AfterClass afterClass" time="-1.676360062529E9">
    <skipped/>
  </testcase> <!-- @AfterClass afterClass -->
  <testcase classname="TestNG.TestNG1" name="@BeforeClass beforeClass" time="-1.676360062543E9">
    <skipped/>
  </testcase> <!-- @BeforeClass beforeClass -->
  <testcase classname="TestNG.TestNG1" name="@BeforeMethod beforeMethod" time="-1.676360062546E9">
    <skipped/>
  </testcase> <!-- @BeforeMethod beforeMethod -->
  <testcase classname="TestNG.TestNG1" name="@AfterMethod afterMethod" time="-1.676360062558E9">
    <skipped/>
  </testcase> <!-- @AfterMethod afterMethod -->
  <testcase classname="TestNG.TestNG1" name="@AfterClass afterClass" time="-1.676360062561E9">
    <skipped/>
  </testcase> <!-- @AfterClass afterClass -->
  <testcase classname="TestNG.TestNGClass" name="@BeforeClass launchBrowser" time="-1.676360062564E9">
    <skipped/>
  </testcase> <!-- @BeforeClass launchBrowser -->
  <testcase classname="TestNG.TestNGClass" name="@BeforeMethod goToSingUpForm" time="-1.676360062567E9">
    <skipped/>
  </testcase> <!-- @BeforeMethod goToSingUpForm -->
  <testcase classname="TestNG.TestNGClass" name="@AfterMethod afterMethod" time="-1.676360062578E9">
    <skipped/>
  </testcase> <!-- @AfterMethod afterMethod -->
  <testcase classname="TestNG.TestNGClass" name="@BeforeMethod goToSingUpForm" time="-1.676360062582E9">
    <skipped/>
  </testcase> <!-- @BeforeMethod goToSingUpForm -->
  <testcase classname="TestNG.TestNGClass" name="@AfterMethod afterMethod" time="-1.676360062595E9">
    <skipped/>
  </testcase> <!-- @AfterMethod afterMethod -->
  <testcase classname="TestNG.TestNGClass" name="@BeforeMethod goToSingUpForm" time="-1.676360062598E9">
    <skipped/>
  </testcase> <!-- @BeforeMethod goToSingUpForm -->
  <testcase classname="TestNG.TestNGClass" name="@AfterMethod afterMethod" time="-1.676360062609E9">
    <skipped/>
  </testcase> <!-- @AfterMethod afterMethod -->
  <testcase classname="TestNG.TestNGClass" name="@AfterClass afterClass" time="-1.676360062612E9">
    <skipped/>
  </testcase> <!-- @AfterClass afterClass -->
  <testcase classname="TestNG.TestNGClassInstagram" name="@BeforeClass lounchBrowser" time="-1.676360062615E9">
    <skipped/>
  </testcase> <!-- @BeforeClass lounchBrowser -->
  <testcase classname="TestNG.TestNGClassInstagram" name="@BeforeMethod goToSingUpForm" time="-1.676360062619E9">
    <skipped/>
  </testcase> <!-- @BeforeMethod goToSingUpForm -->
  <testcase classname="TestNG.TestNGClassInstagram" name="@AfterMethod afterMethod" time="-1.67636006263E9">
    <skipped/>
  </testcase> <!-- @AfterMethod afterMethod -->
  <testcase classname="TestNG.TestNGClassInstagram" name="@AfterClass afterClass" time="-1.676360062634E9">
    <skipped/>
  </testcase> <!-- @AfterClass afterClass -->
  <testcase classname="TestNG.TestNGClass2" name="@BeforeClass launchBrowser" time="-1.676360062639E9">
    <skipped/>
  </testcase> <!-- @BeforeClass launchBrowser -->
  <testcase classname="TestNG.TestNGClass2" name="@BeforeMethod openLoginOrSignUpPage" time="-1.676360062642E9">
    <skipped/>
  </testcase> <!-- @BeforeMethod openLoginOrSignUpPage -->
  <testcase classname="TestNG.TestNGClass2" name="@AfterMethod afterMethod" time="-1.676360062651E9">
    <skipped/>
  </testcase> <!-- @AfterMethod afterMethod -->
  <testcase classname="TestNG.TestNGClass2" name="@AfterClass afterClass" time="-1.676360062654E9">
    <skipped/>
  </testcase> <!-- @AfterClass afterClass -->
  <testcase classname="TestNG.TestNGClassForLic" name="@BeforeClass lounchBrowser" time="-1.676360062656E9">
    <skipped/>
  </testcase> <!-- @BeforeClass lounchBrowser -->
  <testcase classname="TestNG.TestNGClassForLic" name="@BeforeMethod goToSingUpForm" time="-1.676360062658E9">
    <skipped/>
  </testcase> <!-- @BeforeMethod goToSingUpForm -->
  <testcase classname="TestNG.TestNGClassForLic" name="@AfterMethod afterMethod" time="-1.676360062668E9">
    <skipped/>
  </testcase> <!-- @AfterMethod afterMethod -->
  <testcase classname="TestNG.TestNGClassForLic" name="@AfterClass afterClass" time="-1.67636006267E9">
    <skipped/>
  </testcase> <!-- @AfterClass afterClass -->
  <testcase classname="TestingNGCrossBrowser.TestClass1" name="@AfterTest testD" time="-1.676360062672E9">
    <skipped/>
  </testcase> <!-- @AfterTest testD -->
  <testcase classname="TestNG.TestNGClass" name="@AfterTest testD" time="-1.676360062673E9">
    <skipped/>
  </testcase> <!-- @AfterTest testD -->
  <testcase classname="TestNG.TestNGClassInstagram" name="@AfterTest test4" time="-1.676360062675E9">
    <skipped/>
  </testcase> <!-- @AfterTest test4 -->
  <testcase classname="TestingNGCrossBrowser.TestClass1" name="verifyCookiesPolicies" time="0.0">
    <skipped/>
  </testcase> <!-- verifyCookiesPolicies -->
  <testcase classname="TestingNGCrossBrowser.TestClass1" name="verifyPrivacyPolicies" time="0.0">
    <skipped/>
  </testcase> <!-- verifyPrivacyPolicies -->
  <testcase classname="TestingNGCrossBrowser.TestClass1" name="verifyTesrmLink" time="0.0">
    <skipped/>
  </testcase> <!-- verifyTesrmLink -->
  <testcase classname="TestNG.TestNG1" name="test" time="0.0">
    <skipped/>
  </testcase> <!-- test -->
  <testcase classname="TestNG.TestNGClass" name="verifyCookiesPolicies" time="0.0">
    <skipped/>
  </testcase> <!-- verifyCookiesPolicies -->
  <testcase classname="TestNG.TestNGClass" name="verifyPrivacyPolicies" time="0.0">
    <skipped/>
  </testcase> <!-- verifyPrivacyPolicies -->
  <testcase classname="TestNG.TestNGClass" name="verifyTesrmLink" time="0.0">
    <skipped/>
  </testcase> <!-- verifyTesrmLink -->
  <testcase classname="TestNG.TestNGClassInstagram" name="verifyEmailOrPssword" time="0.0">
    <skipped/>
  </testcase> <!-- verifyEmailOrPssword -->
  <testcase classname="TestNG.TestNGClass2" name="verifyEmailOrPassword" time="0.0">
    <skipped/>
  </testcase> <!-- verifyEmailOrPassword -->
  <testcase classname="TestNG.TestNGClassForLic" name="verifyLOginToCustumerportalButton" time="0.0">
    <skipped/>
  </testcase> <!-- verifyLOginToCustumerportalButton -->
</testsuite> <!-- Test -->
