<?xml version="1.0" encoding="UTF-8"?>
<testng-results ignored="0" total="9" passed="9" failed="0" skipped="0">
  <reporter-output>
  </reporter-output>
  <suite started-at="2023-02-23T17:26:09 IST" name="Suite" finished-at="2023-02-23T17:26:37 IST" duration-ms="27479">
    <groups>
    </groups>
    <test started-at="2023-02-23T17:26:09 IST" name="EdgeTest" finished-at="2023-02-23T17:26:29 IST" duration-ms="19597">
      <class name="TestingNGCrossBrowser.TestClass1">
        <test-method is-config="true" signature="launchBrowser(java.lang.String)[pri:0, instance:TestingNGCrossBrowser.TestClass1@20deea7f]" started-at="2023-02-23T17:26:09 IST" name="launchBrowser" finished-at="2023-02-23T17:26:13 IST" duration-ms="3079" status="PASS">
          <params>
            <param index="0">
              <value>
                <![CDATA[Edge]]>
              </value>
            </param>
          </params>
          <reporter-output>
          </reporter-output>
        </test-method> <!-- launchBrowser -->
        <test-method is-config="true" signature="beforeMethod()[pri:0, instance:TestingNGCrossBrowser.TestClass1@20deea7f]" started-at="2023-02-23T17:26:13 IST" name="beforeMethod" finished-at="2023-02-23T17:26:15 IST" duration-ms="2418" status="PASS">
          <reporter-output>
          </reporter-output>
        </test-method> <!-- beforeMethod -->
        <test-method signature="verifyCookiesPolicies()[pri:0, instance:TestingNGCrossBrowser.TestClass1@20deea7f]" started-at="2023-02-23T17:26:15 IST" name="verifyCookiesPolicies" finished-at="2023-02-23T17:26:17 IST" duration-ms="2309" status="PASS">
          <reporter-output>
          </reporter-output>
        </test-method> <!-- verifyCookiesPolicies -->
        <test-method is-config="true" signature="afterMethod()[pri:0, instance:TestingNGCrossBrowser.TestClass1@20deea7f]" started-at="2023-02-23T17:26:17 IST" name="afterMethod" finished-at="2023-02-23T17:26:17 IST" duration-ms="0" status="PASS">
          <reporter-output>
          </reporter-output>
        </test-method> <!-- afterMethod -->
        <test-method is-config="true" signature="beforeMethod()[pri:0, instance:TestingNGCrossBrowser.TestClass1@20deea7f]" started-at="2023-02-23T17:26:17 IST" name="beforeMethod" finished-at="2023-02-23T17:26:20 IST" duration-ms="2807" status="PASS">
          <reporter-output>
          </reporter-output>
        </test-method> <!-- beforeMethod -->
        <test-method signature="verifyPrivacyPolicies()[pri:0, instance:TestingNGCrossBrowser.TestClass1@20deea7f]" started-at="2023-02-23T17:26:20 IST" name="verifyPrivacyPolicies" finished-at="2023-02-23T17:26:24 IST" duration-ms="3708" status="PASS">
          <reporter-output>
          </reporter-output>
        </test-method> <!-- verifyPrivacyPolicies -->
        <test-method is-config="true" signature="afterMethod()[pri:0, instance:TestingNGCrossBrowser.TestClass1@20deea7f]" started-at="2023-02-23T17:26:24 IST" name="afterMethod" finished-at="2023-02-23T17:26:24 IST" duration-ms="1" status="PASS">
          <reporter-output>
          </reporter-output>
        </test-method> <!-- afterMethod -->
        <test-method is-config="true" signature="beforeMethod()[pri:0, instance:TestingNGCrossBrowser.TestClass1@20deea7f]" started-at="2023-02-23T17:26:24 IST" name="beforeMethod" finished-at="2023-02-23T17:26:26 IST" duration-ms="1653" status="PASS">
          <reporter-output>
          </reporter-output>
        </test-method> <!-- beforeMethod -->
        <test-method signature="verifyTesrmLink()[pri:0, instance:TestingNGCrossBrowser.TestClass1@20deea7f]" started-at="2023-02-23T17:26:26 IST" name="verifyTesrmLink" finished-at="2023-02-23T17:26:29 IST" duration-ms="3548" status="PASS">
          <reporter-output>
          </reporter-output>
        </test-method> <!-- verifyTesrmLink -->
        <test-method is-config="true" signature="afterMethod()[pri:0, instance:TestingNGCrossBrowser.TestClass1@20deea7f]" started-at="2023-02-23T17:26:29 IST" name="afterMethod" finished-at="2023-02-23T17:26:29 IST" duration-ms="1" status="PASS">
          <reporter-output>
          </reporter-output>
        </test-method> <!-- afterMethod -->
        <test-method is-config="true" signature="afterClass()[pri:0, instance:TestingNGCrossBrowser.TestClass1@20deea7f]" started-at="2023-02-23T17:26:29 IST" name="afterClass" finished-at="2023-02-23T17:26:29 IST" duration-ms="1" status="PASS">
          <reporter-output>
          </reporter-output>
        </test-method> <!-- afterClass -->
        <test-method is-config="true" signature="testD()[pri:0, instance:TestingNGCrossBrowser.TestClass1@20deea7f]" started-at="2023-02-23T17:26:29 IST" name="testD" finished-at="2023-02-23T17:26:29 IST" duration-ms="1" status="PASS">
          <reporter-output>
          </reporter-output>
        </test-method> <!-- testD -->
      </class> <!-- TestingNGCrossBrowser.TestClass1 -->
    </test> <!-- EdgeTest -->
    <test started-at="2023-02-23T17:26:09 IST" name="ChromeTest" finished-at="2023-02-23T17:26:33 IST" duration-ms="23571">
      <class name="TestingNGCrossBrowser.TestClass1">
        <test-method is-config="true" signature="launchBrowser(java.lang.String)[pri:0, instance:TestingNGCrossBrowser.TestClass1@29626d54]" started-at="2023-02-23T17:26:09 IST" name="launchBrowser" finished-at="2023-02-23T17:26:14 IST" duration-ms="4877" status="PASS">
          <params>
            <param index="0">
              <value>
                <![CDATA[Chrome]]>
              </value>
            </param>
          </params>
          <reporter-output>
          </reporter-output>
        </test-method> <!-- launchBrowser -->
        <test-method is-config="true" signature="beforeMethod()[pri:0, instance:TestingNGCrossBrowser.TestClass1@29626d54]" started-at="2023-02-23T17:26:14 IST" name="beforeMethod" finished-at="2023-02-23T17:26:17 IST" duration-ms="2691" status="PASS">
          <reporter-output>
          </reporter-output>
        </test-method> <!-- beforeMethod -->
        <test-method signature="verifyCookiesPolicies()[pri:0, instance:TestingNGCrossBrowser.TestClass1@29626d54]" started-at="2023-02-23T17:26:17 IST" name="verifyCookiesPolicies" finished-at="2023-02-23T17:26:22 IST" duration-ms="4835" status="PASS">
          <reporter-output>
          </reporter-output>
        </test-method> <!-- verifyCookiesPolicies -->
        <test-method is-config="true" signature="afterMethod()[pri:0, instance:TestingNGCrossBrowser.TestClass1@29626d54]" started-at="2023-02-23T17:26:22 IST" name="afterMethod" finished-at="2023-02-23T17:26:22 IST" duration-ms="0" status="PASS">
          <reporter-output>
          </reporter-output>
        </test-method> <!-- afterMethod -->
        <test-method is-config="true" signature="beforeMethod()[pri:0, instance:TestingNGCrossBrowser.TestClass1@29626d54]" started-at="2023-02-23T17:26:22 IST" name="beforeMethod" finished-at="2023-02-23T17:26:25 IST" duration-ms="3231" status="PASS">
          <reporter-output>
          </reporter-output>
        </test-method> <!-- beforeMethod -->
        <test-method signature="verifyPrivacyPolicies()[pri:0, instance:TestingNGCrossBrowser.TestClass1@29626d54]" started-at="2023-02-23T17:26:25 IST" name="verifyPrivacyPolicies" finished-at="2023-02-23T17:26:30 IST" duration-ms="4750" status="PASS">
          <reporter-output>
          </reporter-output>
        </test-method> <!-- verifyPrivacyPolicies -->
        <test-method is-config="true" signature="afterMethod()[pri:0, instance:TestingNGCrossBrowser.TestClass1@29626d54]" started-at="2023-02-23T17:26:30 IST" name="afterMethod" finished-at="2023-02-23T17:26:30 IST" duration-ms="0" status="PASS">
          <reporter-output>
          </reporter-output>
        </test-method> <!-- afterMethod -->
        <test-method is-config="true" signature="beforeMethod()[pri:0, instance:TestingNGCrossBrowser.TestClass1@29626d54]" started-at="2023-02-23T17:26:30 IST" name="beforeMethod" finished-at="2023-02-23T17:26:32 IST" duration-ms="1794" status="PASS">
          <reporter-output>
          </reporter-output>
        </test-method> <!-- beforeMethod -->
        <test-method signature="verifyTesrmLink()[pri:0, instance:TestingNGCrossBrowser.TestClass1@29626d54]" started-at="2023-02-23T17:26:32 IST" name="verifyTesrmLink" finished-at="2023-02-23T17:26:33 IST" duration-ms="1367" status="PASS">
          <reporter-output>
          </reporter-output>
        </test-method> <!-- verifyTesrmLink -->
        <test-method is-config="true" signature="afterClass()[pri:0, instance:TestingNGCrossBrowser.TestClass1@29626d54]" started-at="2023-02-23T17:26:33 IST" name="afterClass" finished-at="2023-02-23T17:26:33 IST" duration-ms="1" status="PASS">
          <reporter-output>
          </reporter-output>
        </test-method> <!-- afterClass -->
        <test-method is-config="true" signature="afterMethod()[pri:0, instance:TestingNGCrossBrowser.TestClass1@29626d54]" started-at="2023-02-23T17:26:33 IST" name="afterMethod" finished-at="2023-02-23T17:26:33 IST" duration-ms="0" status="PASS">
          <reporter-output>
          </reporter-output>
        </test-method> <!-- afterMethod -->
        <test-method is-config="true" signature="testD()[pri:0, instance:TestingNGCrossBrowser.TestClass1@29626d54]" started-at="2023-02-23T17:26:33 IST" name="testD" finished-at="2023-02-23T17:26:33 IST" duration-ms="0" status="PASS">
          <reporter-output>
          </reporter-output>
        </test-method> <!-- testD -->
      </class> <!-- TestingNGCrossBrowser.TestClass1 -->
    </test> <!-- ChromeTest -->
    <test started-at="2023-02-23T17:26:09 IST" name="FirefoxTest" finished-at="2023-02-23T17:26:37 IST" duration-ms="27479">
      <class name="TestingNGCrossBrowser.TestClass1">
        <test-method is-config="true" signature="launchBrowser(java.lang.String)[pri:0, instance:TestingNGCrossBrowser.TestClass1@6eda5c9]" started-at="2023-02-23T17:26:09 IST" name="launchBrowser" finished-at="2023-02-23T17:26:18 IST" duration-ms="8298" status="PASS">
          <params>
            <param index="0">
              <value>
                <![CDATA[ Firefox]]>
              </value>
            </param>
          </params>
          <reporter-output>
          </reporter-output>
        </test-method> <!-- launchBrowser -->
        <test-method is-config="true" signature="beforeMethod()[pri:0, instance:TestingNGCrossBrowser.TestClass1@6eda5c9]" started-at="2023-02-23T17:26:18 IST" name="beforeMethod" finished-at="2023-02-23T17:26:20 IST" duration-ms="2246" status="PASS">
          <reporter-output>
          </reporter-output>
        </test-method> <!-- beforeMethod -->
        <test-method signature="verifyCookiesPolicies()[pri:0, instance:TestingNGCrossBrowser.TestClass1@6eda5c9]" started-at="2023-02-23T17:26:20 IST" name="verifyCookiesPolicies" finished-at="2023-02-23T17:26:21 IST" duration-ms="1039" status="PASS">
          <reporter-output>
          </reporter-output>
        </test-method> <!-- verifyCookiesPolicies -->
        <test-method is-config="true" signature="afterMethod()[pri:0, instance:TestingNGCrossBrowser.TestClass1@6eda5c9]" started-at="2023-02-23T17:26:21 IST" name="afterMethod" finished-at="2023-02-23T17:26:21 IST" duration-ms="0" status="PASS">
          <reporter-output>
          </reporter-output>
        </test-method> <!-- afterMethod -->
        <test-method is-config="true" signature="beforeMethod()[pri:0, instance:TestingNGCrossBrowser.TestClass1@6eda5c9]" started-at="2023-02-23T17:26:21 IST" name="beforeMethod" finished-at="2023-02-23T17:26:26 IST" duration-ms="4818" status="PASS">
          <reporter-output>
          </reporter-output>
        </test-method> <!-- beforeMethod -->
        <test-method signature="verifyPrivacyPolicies()[pri:0, instance:TestingNGCrossBrowser.TestClass1@6eda5c9]" started-at="2023-02-23T17:26:26 IST" name="verifyPrivacyPolicies" finished-at="2023-02-23T17:26:28 IST" duration-ms="2273" status="PASS">
          <reporter-output>
          </reporter-output>
        </test-method> <!-- verifyPrivacyPolicies -->
        <test-method is-config="true" signature="afterMethod()[pri:0, instance:TestingNGCrossBrowser.TestClass1@6eda5c9]" started-at="2023-02-23T17:26:28 IST" name="afterMethod" finished-at="2023-02-23T17:26:28 IST" duration-ms="1" status="PASS">
          <reporter-output>
          </reporter-output>
        </test-method> <!-- afterMethod -->
        <test-method is-config="true" signature="beforeMethod()[pri:0, instance:TestingNGCrossBrowser.TestClass1@6eda5c9]" started-at="2023-02-23T17:26:28 IST" name="beforeMethod" finished-at="2023-02-23T17:26:36 IST" duration-ms="7886" status="PASS">
          <reporter-output>
          </reporter-output>
        </test-method> <!-- beforeMethod -->
        <test-method signature="verifyTesrmLink()[pri:0, instance:TestingNGCrossBrowser.TestClass1@6eda5c9]" started-at="2023-02-23T17:26:36 IST" name="verifyTesrmLink" finished-at="2023-02-23T17:26:37 IST" duration-ms="904" status="PASS">
          <reporter-output>
          </reporter-output>
        </test-method> <!-- verifyTesrmLink -->
        <test-method is-config="true" signature="afterClass()[pri:0, instance:TestingNGCrossBrowser.TestClass1@6eda5c9]" started-at="2023-02-23T17:26:37 IST" name="afterClass" finished-at="2023-02-23T17:26:37 IST" duration-ms="0" status="PASS">
          <reporter-output>
          </reporter-output>
        </test-method> <!-- afterClass -->
        <test-method is-config="true" signature="afterMethod()[pri:0, instance:TestingNGCrossBrowser.TestClass1@6eda5c9]" started-at="2023-02-23T17:26:37 IST" name="afterMethod" finished-at="2023-02-23T17:26:37 IST" duration-ms="0" status="PASS">
          <reporter-output>
          </reporter-output>
        </test-method> <!-- afterMethod -->
        <test-method is-config="true" signature="testD()[pri:0, instance:TestingNGCrossBrowser.TestClass1@6eda5c9]" started-at="2023-02-23T17:26:37 IST" name="testD" finished-at="2023-02-23T17:26:37 IST" duration-ms="0" status="PASS">
          <reporter-output>
          </reporter-output>
        </test-method> <!-- testD -->
      </class> <!-- TestingNGCrossBrowser.TestClass1 -->
    </test> <!-- FirefoxTest -->
  </suite> <!-- Suite -->
</testng-results>
