<?xml version="1.0" encoding="UTF-8"?>
<!-- Generated by org.testng.reporters.JUnitXMLReporter -->
<testsuite ignored="0" hostname="LAPTOP-91SQEO24" failures="0" tests="3" name="EdgeTest" time="10.98" errors="0" timestamp="2023-02-17T15:24:07 IST">
  <testcase classname="TestingNGCrossBrowser.TestClass1" name="verifyCookiesPolicies" time="1.047"/>
  <testcase classname="TestingNGCrossBrowser.TestClass1" name="verifyPrivacyPolicies" time="1.026"/>
  <testcase classname="TestingNGCrossBrowser.TestClass1" name="verifyTesrmLink" time="0.607"/>
</testsuite> <!-- EdgeTest -->
